Sentiment Analysis:
------------------------ Sentiment of Articles ------------------------
0.txt	{'neg': 0.213, 'neu': 0.74, 'pos': 0.046, 'compound': -0.9618}
1.txt	{'neg': 0.0, 'neu': 0.825, 'pos': 0.175, 'compound': 0.8563}
2.txt	{'neg': 0.124, 'neu': 0.745, 'pos': 0.131, 'compound': -0.1531}
3.txt	{'neg': 0.0, 'neu': 0.82, 'pos': 0.18, 'compound': 0.7845}
4.txt	{'neg': 0.0, 'neu': 1.0, 'pos': 0.0, 'compound': 0.0}
5.txt	{'neg': 0.0, 'neu': 0.957, 'pos': 0.043, 'compound': 0.25}
6.txt	{'neg': 0.0, 'neu': 1.0, 'pos': 0.0, 'compound': 0.0}
7.txt	{'neg': 0.161, 'neu': 0.765, 'pos': 0.074, 'compound': -0.7316}
8.txt	{'neg': 0.041, 'neu': 0.959, 'pos': 0.0, 'compound': -0.4019}
9.txt	{'neg': 0.141, 'neu': 0.859, 'pos': 0.0, 'compound': -0.6808}
10.txt	{'neg': 0.202, 'neu': 0.771, 'pos': 0.027, 'compound': -0.8828}
11.txt	{'neg': 0.0, 'neu': 1.0, 'pos': 0.0, 'compound': 0.0}
12.txt	{'neg': 0.0, 'neu': 1.0, 'pos': 0.0, 'compound': 0.0}
13.txt	{'neg': 0.259, 'neu': 0.741, 'pos': 0.0, 'compound': -0.7184}
14.txt	{'neg': 0.197, 'neu': 0.743, 'pos': 0.061, 'compound': -0.714}
15.txt	{'neg': 0.069, 'neu': 0.862, 'pos': 0.069, 'compound': -0.25}
16.txt	{'neg': 0.0, 'neu': 0.906, 'pos': 0.094, 'compound': 0.4404}
17.txt	{'neg': 0.068, 'neu': 0.824, 'pos': 0.108, 'compound': 0.2732}
18.txt	{'neg': 0.222, 'neu': 0.778, 'pos': 0.0, 'compound': -0.8402}
19.txt	{'neg': 0.242, 'neu': 0.7, 'pos': 0.057, 'compound': -0.8126}
20.txt	{'neg': 0.118, 'neu': 0.661, 'pos': 0.221, 'compound': 0.77}
21.txt	{'neg': 0.0, 'neu': 1.0, 'pos': 0.0, 'compound': 0.0}
22.txt	{'neg': 0.407, 'neu': 0.593, 'pos': 0.0, 'compound': -0.8042}
23.txt	{'neg': 0.063, 'neu': 0.866, 'pos': 0.071, 'compound': 0.068}
24.txt	{'neg': 0.107, 'neu': 0.689, 'pos': 0.204, 'compound': 0.5881}
25.txt	{'neg': 0.32, 'neu': 0.587, 'pos': 0.093, 'compound': -0.8591}
26.txt	{'neg': 0.0, 'neu': 1.0, 'pos': 0.0, 'compound': 0.0}
27.txt	{'neg': 0.144, 'neu': 0.723, 'pos': 0.133, 'compound': -0.2732}
28.txt	{'neg': 0.164, 'neu': 0.784, 'pos': 0.052, 'compound': -0.7964}
29.txt	{'neg': 0.085, 'neu': 0.866, 'pos': 0.049, 'compound': -0.3612}
30.txt	{'neg': 0.0, 'neu': 1.0, 'pos': 0.0, 'compound': 0.0}
31.txt	{'neg': 0.0, 'neu': 1.0, 'pos': 0.0, 'compound': 0.0}
32.txt	{'neg': 0.077, 'neu': 0.858, 'pos': 0.065, 'compound': -0.1027}
33.txt	{'neg': 0.206, 'neu': 0.773, 'pos': 0.021, 'compound': -0.9657}
34.txt	{'neg': 0.072, 'neu': 0.885, 'pos': 0.043, 'compound': -0.128}
35.txt	{'neg': 0.0, 'neu': 1.0, 'pos': 0.0, 'compound': 0.0}
36.txt	{'neg': 0.204, 'neu': 0.538, 'pos': 0.258, 'compound': 0.128}
37.txt	{'neg': 0.261, 'neu': 0.739, 'pos': 0.0, 'compound': -0.5574}
38.txt	{'neg': 0.138, 'neu': 0.764, 'pos': 0.099, 'compound': -0.7964}
39.txt	{'neg': 0.083, 'neu': 0.917, 'pos': 0.0, 'compound': -0.4215}
40.txt	{'neg': 0.0, 'neu': 1.0, 'pos': 0.0, 'compound': 0.0}
41.txt	{'neg': 0.04, 'neu': 0.866, 'pos': 0.094, 'compound': 0.7506}
42.txt	{'neg': 0.0, 'neu': 0.856, 'pos': 0.144, 'compound': 0.8126}
43.txt	{'neg': 0.139, 'neu': 0.782, 'pos': 0.078, 'compound': -0.5574}
44.txt	{'neg': 0.08, 'neu': 0.92, 'pos': 0.0, 'compound': -0.3818}
45.txt	{'neg': 0.219, 'neu': 0.729, 'pos': 0.052, 'compound': -0.7506}
46.txt	{'neg': 0.0, 'neu': 0.912, 'pos': 0.088, 'compound': 0.34}
47.txt	{'neg': 0.0, 'neu': 0.821, 'pos': 0.179, 'compound': 0.9816}
48.txt	{'neg': 0.0, 'neu': 0.811, 'pos': 0.189, 'compound': 0.5994}
49.txt	{'neg': 0.284, 'neu': 0.716, 'pos': 0.0, 'compound': -0.9169}
50.txt	{'neg': 0.064, 'neu': 0.829, 'pos': 0.107, 'compound': 0.211}
51.txt	{'neg': 0.0, 'neu': 1.0, 'pos': 0.0, 'compound': 0.0}
52.txt	{'neg': 0.07, 'neu': 0.769, 'pos': 0.161, 'compound': 0.4019}
53.txt	{'neg': 0.118, 'neu': 0.86, 'pos': 0.023, 'compound': -0.6597}
54.txt	{'neg': 0.263, 'neu': 0.69, 'pos': 0.047, 'compound': -0.9286}
55.txt	{'neg': 0.195, 'neu': 0.752, 'pos': 0.053, 'compound': -0.9337}
56.txt	{'neg': 0.0, 'neu': 0.935, 'pos': 0.065, 'compound': 0.3818}
57.txt	{'neg': 0.224, 'neu': 0.776, 'pos': 0.0, 'compound': -0.5994}
58.txt	{'neg': 0.044, 'neu': 0.83, 'pos': 0.126, 'compound': 0.6524}
59.txt	{'neg': 0.0, 'neu': 0.829, 'pos': 0.171, 'compound': 0.5106}
60.txt	{'neg': 0.0, 'neu': 1.0, 'pos': 0.0, 'compound': 0.0}
61.txt	{'neg': 0.181, 'neu': 0.819, 'pos': 0.0, 'compound': -0.4767}
62.txt	{'neg': 0.039, 'neu': 0.868, 'pos': 0.093, 'compound': 0.4019}
63.txt	{'neg': 0.043, 'neu': 0.957, 'pos': 0.0, 'compound': -0.296}
64.txt	{'neg': 0.188, 'neu': 0.812, 'pos': 0.0, 'compound': -0.891}
65.txt	{'neg': 0.234, 'neu': 0.766, 'pos': 0.0, 'compound': -0.8885}
66.txt	{'neg': 0.0, 'neu': 0.87, 'pos': 0.13, 'compound': 0.9416}
67.txt	{'neg': 0.0, 'neu': 1.0, 'pos': 0.0, 'compound': 0.0}
68.txt	{'neg': 0.0, 'neu': 0.787, 'pos': 0.213, 'compound': 0.765}
69.txt	{'neg': 0.0, 'neu': 1.0, 'pos': 0.0, 'compound': 0.0}
70.txt	{'neg': 0.255, 'neu': 0.745, 'pos': 0.0, 'compound': -0.5859}
71.txt	{'neg': 0.084, 'neu': 0.794, 'pos': 0.122, 'compound': 0.4215}
72.txt	{'neg': 0.14, 'neu': 0.86, 'pos': 0.0, 'compound': -0.6597}
73.txt	{'neg': 0.0, 'neu': 0.871, 'pos': 0.129, 'compound': 0.5267}
74.txt	{'neg': 0.211, 'neu': 0.709, 'pos': 0.079, 'compound': -0.8588}
75.txt	{'neg': 0.06, 'neu': 0.855, 'pos': 0.085, 'compound': 0.1531}
76.txt	{'neg': 0.052, 'neu': 0.868, 'pos': 0.08, 'compound': 0.4019}
77.txt	{'neg': 0.278, 'neu': 0.667, 'pos': 0.055, 'compound': -0.9287}
78.txt	{'neg': 0.235, 'neu': 0.725, 'pos': 0.04, 'compound': -0.8834}
79.txt	{'neg': 0.055, 'neu': 0.862, 'pos': 0.083, 'compound': 0.25}
80.txt	{'neg': 0.04, 'neu': 0.928, 'pos': 0.033, 'compound': -0.1027}
81.txt	{'neg': 0.096, 'neu': 0.806, 'pos': 0.098, 'compound': 0.2871}
82.txt	{'neg': 0.305, 'neu': 0.654, 'pos': 0.04, 'compound': -0.9501}
83.txt	{'neg': 0.205, 'neu': 0.795, 'pos': 0.0, 'compound': -0.4767}
84.txt	{'neg': 0.0, 'neu': 0.955, 'pos': 0.045, 'compound': 0.2732}
85.txt	{'neg': 0.0, 'neu': 0.914, 'pos': 0.086, 'compound': 0.2235}
86.txt	{'neg': 0.0, 'neu': 0.915, 'pos': 0.085, 'compound': 0.4215}
87.txt	{'neg': 0.04, 'neu': 0.875, 'pos': 0.085, 'compound': 0.4019}
88.txt	{'neg': 0.215, 'neu': 0.691, 'pos': 0.093, 'compound': -0.6808}
89.txt	{'neg': 0.19, 'neu': 0.743, 'pos': 0.067, 'compound': -0.6808}
90.txt	{'neg': 0.072, 'neu': 0.928, 'pos': 0.0, 'compound': -0.4215}
91.txt	{'neg': 0.075, 'neu': 0.895, 'pos': 0.03, 'compound': -0.4215}
92.txt	{'neg': 0.118, 'neu': 0.788, 'pos': 0.094, 'compound': -0.128}
93.txt	{'neg': 0.122, 'neu': 0.817, 'pos': 0.061, 'compound': -0.4289}
94.txt	{'neg': 0.0, 'neu': 0.963, 'pos': 0.037, 'compound': 0.0772}
95.txt	{'neg': 0.0, 'neu': 0.871, 'pos': 0.129, 'compound': 0.5267}
96.txt	{'neg': 0.192, 'neu': 0.724, 'pos': 0.083, 'compound': -0.885}
97.txt	{'neg': 0.103, 'neu': 0.804, 'pos': 0.093, 'compound': -0.0679}
98.txt	{'neg': 0.044, 'neu': 0.874, 'pos': 0.082, 'compound': 0.4019}
99.txt	{'neg': 0.074, 'neu': 0.905, 'pos': 0.021, 'compound': -0.4939}
100.txt	{'neg': 0.0, 'neu': 1.0, 'pos': 0.0, 'compound': 0.0}
101.txt	{'neg': 0.0, 'neu': 1.0, 'pos': 0.0, 'compound': 0.0}
102.txt	{'neg': 0.0, 'neu': 0.889, 'pos': 0.111, 'compound': 0.5574}
103.txt	{'neg': 0.079, 'neu': 0.699, 'pos': 0.222, 'compound': 0.5719}
104.txt	{'neg': 0.323, 'neu': 0.677, 'pos': 0.0, 'compound': -0.7351}
105.txt	{'neg': 0.0, 'neu': 0.955, 'pos': 0.045, 'compound': 0.2732}
106.txt	{'neg': 0.043, 'neu': 0.798, 'pos': 0.16, 'compound': 0.6249}
107.txt	{'neg': 0.105, 'neu': 0.8, 'pos': 0.096, 'compound': -0.1601}
108.txt	{'neg': 0.0, 'neu': 0.947, 'pos': 0.053, 'compound': 0.3182}
109.txt	{'neg': 0.155, 'neu': 0.845, 'pos': 0.0, 'compound': -0.6597}
110.txt	{'neg': 0.023, 'neu': 0.856, 'pos': 0.121, 'compound': 0.8989}
111.txt	{'neg': 0.269, 'neu': 0.731, 'pos': 0.0, 'compound': -0.7096}
112.txt	{'neg': 0.0, 'neu': 0.858, 'pos': 0.142, 'compound': 0.8316}
113.txt	{'neg': 0.0, 'neu': 1.0, 'pos': 0.0, 'compound': 0.0}
114.txt	{'neg': 0.009, 'neu': 0.887, 'pos': 0.104, 'compound': 0.9201}
115.txt	{'neg': 0.128, 'neu': 0.872, 'pos': 0.0, 'compound': -0.6597}
116.txt	{'neg': 0.154, 'neu': 0.846, 'pos': 0.0, 'compound': -0.7845}
117.txt	{'neg': 0.183, 'neu': 0.61, 'pos': 0.207, 'compound': 0.0516}
118.txt	{'neg': 0.0, 'neu': 1.0, 'pos': 0.0, 'compound': 0.0}
119.txt	{'neg': 0.0, 'neu': 0.938, 'pos': 0.062, 'compound': 0.34}
120.txt	{'neg': 0.0, 'neu': 1.0, 'pos': 0.0, 'compound': 0.0}
121.txt	{'neg': 0.076, 'neu': 0.924, 'pos': 0.0, 'compound': -0.2263}
122.txt	{'neg': 0.0, 'neu': 1.0, 'pos': 0.0, 'compound': 0.0}
123.txt	{'neg': 0.153, 'neu': 0.847, 'pos': 0.0, 'compound': -0.7003}
124.txt	{'neg': 0.0, 'neu': 0.957, 'pos': 0.043, 'compound': 0.6154}
125.txt	{'neg': 0.229, 'neu': 0.697, 'pos': 0.074, 'compound': -0.9506}
126.txt	{'neg': 0.215, 'neu': 0.691, 'pos': 0.093, 'compound': -0.6808}
127.txt	{'neg': 0.0, 'neu': 0.868, 'pos': 0.132, 'compound': 0.8176}
128.txt	{'neg': 0.0, 'neu': 1.0, 'pos': 0.0, 'compound': 0.0}
129.txt	{'neg': 0.161, 'neu': 0.8, 'pos': 0.039, 'compound': -0.9648}
130.txt	{'neg': 0.17, 'neu': 0.722, 'pos': 0.109, 'compound': -0.8399}
131.txt	{'neg': 0.0, 'neu': 0.784, 'pos': 0.216, 'compound': 0.8316}
132.txt	{'neg': 0.11, 'neu': 0.714, 'pos': 0.176, 'compound': 0.296}
133.txt	{'neg': 0.0, 'neu': 1.0, 'pos': 0.0, 'compound': 0.0}
134.txt	{'neg': 0.0, 'neu': 1.0, 'pos': 0.0, 'compound': 0.0}
135.txt	{'neg': 0.0, 'neu': 0.914, 'pos': 0.086, 'compound': 0.1779}
136.txt	{'neg': 0.097, 'neu': 0.749, 'pos': 0.154, 'compound': 0.4019}
137.txt	{'neg': 0.0, 'neu': 0.796, 'pos': 0.204, 'compound': 0.6249}
138.txt	{'neg': 0.0, 'neu': 1.0, 'pos': 0.0, 'compound': 0.0}
139.txt	{'neg': 0.156, 'neu': 0.844, 'pos': 0.0, 'compound': -0.34}
140.txt	{'neg': 0.093, 'neu': 0.907, 'pos': 0.0, 'compound': -0.5859}
141.txt	{'neg': 0.109, 'neu': 0.891, 'pos': 0.0, 'compound': -0.296}
142.txt	{'neg': 0.089, 'neu': 0.847, 'pos': 0.064, 'compound': -0.312}
143.txt	{'neg': 0.0, 'neu': 0.977, 'pos': 0.023, 'compound': 0.128}
144.txt	{'neg': 0.081, 'neu': 0.919, 'pos': 0.0, 'compound': -0.5267}
145.txt	{'neg': 0.0, 'neu': 0.906, 'pos': 0.094, 'compound': 0.6597}
146.txt	{'neg': 0.0, 'neu': 1.0, 'pos': 0.0, 'compound': 0.0}
147.txt	{'neg': 0.045, 'neu': 0.855, 'pos': 0.1, 'compound': 0.4215}
148.txt	{'neg': 0.0, 'neu': 0.924, 'pos': 0.076, 'compound': 0.3182}
149.txt	{'neg': 0.202, 'neu': 0.74, 'pos': 0.057, 'compound': -0.7243}
150.txt	{'neg': 0.038, 'neu': 0.835, 'pos': 0.127, 'compound': 0.6249}
151.txt	{'neg': 0.0, 'neu': 0.862, 'pos': 0.138, 'compound': 0.6597}
152.txt	{'neg': 0.033, 'neu': 0.875, 'pos': 0.092, 'compound': 0.6369}
153.txt	{'neg': 0.145, 'neu': 0.771, 'pos': 0.085, 'compound': -0.6374}
154.txt	{'neg': 0.091, 'neu': 0.909, 'pos': 0.0, 'compound': -0.4767}
155.txt	{'neg': 0.25, 'neu': 0.75, 'pos': 0.0, 'compound': -0.946}
156.txt	{'neg': 0.087, 'neu': 0.859, 'pos': 0.054, 'compound': -0.5859}
157.txt	{'neg': 0.0, 'neu': 0.825, 'pos': 0.175, 'compound': 0.5267}
158.txt	{'neg': 0.0, 'neu': 0.886, 'pos': 0.114, 'compound': 0.6103}
159.txt	{'neg': 0.358, 'neu': 0.642, 'pos': 0.0, 'compound': -0.5358}
160.txt	{'neg': 0.0, 'neu': 0.951, 'pos': 0.049, 'compound': 0.4215}
161.txt	{'neg': 0.0, 'neu': 1.0, 'pos': 0.0, 'compound': 0.0}
162.txt	{'neg': 0.186, 'neu': 0.725, 'pos': 0.089, 'compound': -0.8433}
163.txt	{'neg': 0.052, 'neu': 0.948, 'pos': 0.0, 'compound': -0.3818}
164.txt	{'neg': 0.0, 'neu': 0.837, 'pos': 0.163, 'compound': 0.5106}
165.txt	{'neg': 0.027, 'neu': 0.973, 'pos': 0.0, 'compound': -0.2862}
166.txt	{'neg': 0.0, 'neu': 0.957, 'pos': 0.043, 'compound': 0.25}
167.txt	{'neg': 0.055, 'neu': 0.945, 'pos': 0.0, 'compound': -0.296}
168.txt	{'neg': 0.022, 'neu': 0.978, 'pos': 0.0, 'compound': -0.1531}
169.txt	{'neg': 0.136, 'neu': 0.864, 'pos': 0.0, 'compound': -0.296}
170.txt	{'neg': 0.0, 'neu': 0.876, 'pos': 0.124, 'compound': 0.836}
171.txt	{'neg': 0.214, 'neu': 0.72, 'pos': 0.066, 'compound': -0.8074}
172.txt	{'neg': 0.035, 'neu': 0.867, 'pos': 0.098, 'compound': 0.7184}
173.txt	{'neg': 0.074, 'neu': 0.855, 'pos': 0.071, 'compound': -0.0258}
174.txt	{'neg': 0.0, 'neu': 0.948, 'pos': 0.052, 'compound': 0.3182}
175.txt	{'neg': 0.0, 'neu': 1.0, 'pos': 0.0, 'compound': 0.0}
176.txt	{'neg': 0.163, 'neu': 0.837, 'pos': 0.0, 'compound': -0.7184}
177.txt	{'neg': 0.119, 'neu': 0.855, 'pos': 0.026, 'compound': -0.7717}
178.txt	{'neg': 0.237, 'neu': 0.724, 'pos': 0.039, 'compound': -0.9128}
179.txt	{'neg': 0.097, 'neu': 0.903, 'pos': 0.0, 'compound': -0.2732}
180.txt	{'neg': 0.22, 'neu': 0.729, 'pos': 0.05, 'compound': -0.8591}
181.txt	{'neg': 0.214, 'neu': 0.601, 'pos': 0.185, 'compound': -0.2732}
182.txt	{'neg': 0.0, 'neu': 1.0, 'pos': 0.0, 'compound': 0.0}
183.txt	{'neg': 0.0, 'neu': 0.732, 'pos': 0.268, 'compound': 0.296}
184.txt	{'neg': 0.331, 'neu': 0.61, 'pos': 0.059, 'compound': -0.9286}
185.txt	{'neg': 0.184, 'neu': 0.653, 'pos': 0.162, 'compound': -0.3156}
186.txt	{'neg': 0.122, 'neu': 0.878, 'pos': 0.0, 'compound': -0.7579}
187.txt	{'neg': 0.065, 'neu': 0.935, 'pos': 0.0, 'compound': -0.25}
188.txt	{'neg': 0.069, 'neu': 0.843, 'pos': 0.088, 'compound': 0.128}
189.txt	{'neg': 0.111, 'neu': 0.791, 'pos': 0.097, 'compound': -0.6124}
190.txt	{'neg': 0.156, 'neu': 0.817, 'pos': 0.027, 'compound': -0.872}
191.txt	{'neg': 0.221, 'neu': 0.678, 'pos': 0.101, 'compound': -0.8389}
192.txt	{'neg': 0.0, 'neu': 0.906, 'pos': 0.094, 'compound': 0.743}
193.txt	{'neg': 0.064, 'neu': 0.936, 'pos': 0.0, 'compound': -0.4215}
194.txt	{'neg': 0.037, 'neu': 0.886, 'pos': 0.077, 'compound': 0.4404}
195.txt	{'neg': 0.183, 'neu': 0.716, 'pos': 0.101, 'compound': -0.3182}
196.txt	{'neg': 0.113, 'neu': 0.785, 'pos': 0.102, 'compound': -0.4588}
197.txt	{'neg': 0.047, 'neu': 0.83, 'pos': 0.123, 'compound': 0.3786}
198.txt	{'neg': 0.0, 'neu': 0.755, 'pos': 0.245, 'compound': 0.9001}
199.txt	{'neg': 0.063, 'neu': 0.937, 'pos': 0.0, 'compound': -0.5267}
200.txt	{'neg': 0.181, 'neu': 0.706, 'pos': 0.113, 'compound': -0.6249}
201.txt	{'neg': 0.241, 'neu': 0.759, 'pos': 0.0, 'compound': -0.2263}
202.txt	{'neg': 0.0, 'neu': 1.0, 'pos': 0.0, 'compound': 0.0}
203.txt	{'neg': 0.12, 'neu': 0.88, 'pos': 0.0, 'compound': -0.5423}
204.txt	{'neg': 0.122, 'neu': 0.802, 'pos': 0.076, 'compound': -0.2732}
205.txt	{'neg': 0.0, 'neu': 1.0, 'pos': 0.0, 'compound': 0.0}
206.txt	{'neg': 0.035, 'neu': 0.782, 'pos': 0.183, 'compound': 0.836}
207.txt	{'neg': 0.0, 'neu': 1.0, 'pos': 0.0, 'compound': 0.0}
208.txt	{'neg': 0.121, 'neu': 0.879, 'pos': 0.0, 'compound': -0.5859}
209.txt	{'neg': 0.084, 'neu': 0.836, 'pos': 0.08, 'compound': -0.296}
210.txt	{'neg': 0.0, 'neu': 1.0, 'pos': 0.0, 'compound': 0.0}
211.txt	{'neg': 0.0, 'neu': 1.0, 'pos': 0.0, 'compound': 0.0}
212.txt	{'neg': 0.196, 'neu': 0.804, 'pos': 0.0, 'compound': -0.296}
213.txt	{'neg': 0.263, 'neu': 0.69, 'pos': 0.047, 'compound': -0.9286}
214.txt	{'neg': 0.0, 'neu': 0.806, 'pos': 0.194, 'compound': 0.9332}
215.txt	{'neg': 0.175, 'neu': 0.73, 'pos': 0.095, 'compound': -0.296}
216.txt	{'neg': 0.0, 'neu': 0.812, 'pos': 0.188, 'compound': 0.8316}
217.txt	{'neg': 0.0, 'neu': 1.0, 'pos': 0.0, 'compound': 0.0}
218.txt	{'neg': 0.0, 'neu': 1.0, 'pos': 0.0, 'compound': 0.0}
219.txt	{'neg': 0.05, 'neu': 0.95, 'pos': 0.0, 'compound': -0.1901}
220.txt	{'neg': 0.0, 'neu': 0.809, 'pos': 0.191, 'compound': 0.743}
221.txt	{'neg': 0.076, 'neu': 0.924, 'pos': 0.0, 'compound': -0.2263}
222.txt	{'neg': 0.132, 'neu': 0.868, 'pos': 0.0, 'compound': -0.5423}
223.txt	{'neg': 0.0, 'neu': 0.835, 'pos': 0.165, 'compound': 0.8773}
224.txt	{'neg': 0.197, 'neu': 0.775, 'pos': 0.028, 'compound': -0.9492}
225.txt	{'neg': 0.0, 'neu': 1.0, 'pos': 0.0, 'compound': 0.0}
226.txt	{'neg': 0.0, 'neu': 0.881, 'pos': 0.119, 'compound': 0.6597}
227.txt	{'neg': 0.0, 'neu': 0.947, 'pos': 0.053, 'compound': 0.3612}
228.txt	{'neg': 0.106, 'neu': 0.894, 'pos': 0.0, 'compound': -0.5994}
229.txt	{'neg': 0.074, 'neu': 0.829, 'pos': 0.097, 'compound': 0.7311}
230.txt	{'neg': 0.033, 'neu': 0.749, 'pos': 0.218, 'compound': 0.9493}
231.txt	{'neg': 0.181, 'neu': 0.819, 'pos': 0.0, 'compound': -0.4767}
232.txt	{'neg': 0.121, 'neu': 0.879, 'pos': 0.0, 'compound': -0.8126}
233.txt	{'neg': 0.0, 'neu': 0.843, 'pos': 0.157, 'compound': 0.4215}
234.txt	{'neg': 0.077, 'neu': 0.923, 'pos': 0.0, 'compound': -0.3612}
235.txt	{'neg': 0.018, 'neu': 0.982, 'pos': 0.0, 'compound': -0.0516}
236.txt	{'neg': 0.0, 'neu': 1.0, 'pos': 0.0, 'compound': 0.0}
237.txt	{'neg': 0.0, 'neu': 1.0, 'pos': 0.0, 'compound': 0.0}
238.txt	{'neg': 0.048, 'neu': 0.913, 'pos': 0.039, 'compound': -0.1027}
239.txt	{'neg': 0.0, 'neu': 1.0, 'pos': 0.0, 'compound': 0.0}
240.txt	{'neg': 0.0, 'neu': 0.953, 'pos': 0.047, 'compound': 0.3182}
241.txt	{'neg': 0.0, 'neu': 1.0, 'pos': 0.0, 'compound': 0.0}
242.txt	{'neg': 0.15, 'neu': 0.789, 'pos': 0.061, 'compound': -0.6697}
243.txt	{'neg': 0.0, 'neu': 0.944, 'pos': 0.056, 'compound': 0.4404}
244.txt	{'neg': 0.0, 'neu': 0.798, 'pos': 0.202, 'compound': 0.7964}
245.txt	{'neg': 0.049, 'neu': 0.951, 'pos': 0.0, 'compound': -0.296}
246.txt	{'neg': 0.049, 'neu': 0.837, 'pos': 0.114, 'compound': 0.802}
247.txt	{'neg': 0.167, 'neu': 0.833, 'pos': 0.0, 'compound': -0.7003}
248.txt	{'neg': 0.0, 'neu': 1.0, 'pos': 0.0, 'compound': 0.0}
249.txt	{'neg': 0.0, 'neu': 1.0, 'pos': 0.0, 'compound': 0.0}
250.txt	{'neg': 0.0, 'neu': 1.0, 'pos': 0.0, 'compound': 0.0}
251.txt	{'neg': 0.0, 'neu': 0.914, 'pos': 0.086, 'compound': 0.4404}
252.txt	{'neg': 0.19, 'neu': 0.652, 'pos': 0.158, 'compound': -0.5095}
253.txt	{'neg': 0.165, 'neu': 0.835, 'pos': 0.0, 'compound': -0.7579}
254.txt	{'neg': 0.173, 'neu': 0.827, 'pos': 0.0, 'compound': -0.6597}
255.txt	{'neg': 0.112, 'neu': 0.888, 'pos': 0.0, 'compound': -0.34}
256.txt	{'neg': 0.094, 'neu': 0.827, 'pos': 0.079, 'compound': -0.2023}
257.txt	{'neg': 0.0, 'neu': 0.78, 'pos': 0.22, 'compound': 0.802}
258.txt	{'neg': 0.267, 'neu': 0.733, 'pos': 0.0, 'compound': -0.7351}
259.txt	{'neg': 0.0, 'neu': 0.934, 'pos': 0.066, 'compound': 0.4404}
260.txt	{'neg': 0.154, 'neu': 0.846, 'pos': 0.0, 'compound': -0.4767}
261.txt	{'neg': 0.073, 'neu': 0.927, 'pos': 0.0, 'compound': -0.2263}
262.txt	{'neg': 0.0, 'neu': 1.0, 'pos': 0.0, 'compound': 0.0}
263.txt	{'neg': 0.157, 'neu': 0.678, 'pos': 0.165, 'compound': -0.1531}
264.txt	{'neg': 0.0, 'neu': 1.0, 'pos': 0.0, 'compound': 0.0}
265.txt	{'neg': 0.279, 'neu': 0.721, 'pos': 0.0, 'compound': -0.7351}
266.txt	{'neg': 0.09, 'neu': 0.91, 'pos': 0.0, 'compound': -0.5346}
267.txt	{'neg': 0.0, 'neu': 0.87, 'pos': 0.13, 'compound': 0.7579}
268.txt	{'neg': 0.109, 'neu': 0.806, 'pos': 0.086, 'compound': 0.0299}
269.txt	{'neg': 0.0, 'neu': 0.892, 'pos': 0.108, 'compound': 0.5267}
270.txt	{'neg': 0.0, 'neu': 0.907, 'pos': 0.093, 'compound': 0.5574}
271.txt	{'neg': 0.155, 'neu': 0.845, 'pos': 0.0, 'compound': -0.6597}
272.txt	{'neg': 0.0, 'neu': 0.964, 'pos': 0.036, 'compound': 0.2732}
273.txt	{'neg': 0.025, 'neu': 0.846, 'pos': 0.129, 'compound': 0.743}
274.txt	{'neg': 0.224, 'neu': 0.715, 'pos': 0.061, 'compound': -0.8789}
275.txt	{'neg': 0.152, 'neu': 0.848, 'pos': 0.0, 'compound': -0.3612}
276.txt	{'neg': 0.197, 'neu': 0.803, 'pos': 0.0, 'compound': -0.8341}
277.txt	{'neg': 0.018, 'neu': 0.982, 'pos': 0.0, 'compound': -0.0516}
278.txt	{'neg': 0.0, 'neu': 0.773, 'pos': 0.227, 'compound': 0.8316}
279.txt	{'neg': 0.0, 'neu': 0.782, 'pos': 0.218, 'compound': 0.7717}
280.txt	{'neg': 0.0, 'neu': 1.0, 'pos': 0.0, 'compound': 0.0}
281.txt	{'neg': 0.0, 'neu': 0.909, 'pos': 0.091, 'compound': 0.34}
282.txt	{'neg': 0.11, 'neu': 0.714, 'pos': 0.176, 'compound': 0.296}
283.txt	{'neg': 0.32, 'neu': 0.68, 'pos': 0.0, 'compound': -0.765}
284.txt	{'neg': 0.077, 'neu': 0.872, 'pos': 0.051, 'compound': -0.3182}
285.txt	{'neg': 0.199, 'neu': 0.801, 'pos': 0.0, 'compound': -0.802}
286.txt	{'neg': 0.235, 'neu': 0.736, 'pos': 0.029, 'compound': -0.9612}
287.txt	{'neg': 0.091, 'neu': 0.909, 'pos': 0.0, 'compound': -0.3612}
288.txt	{'neg': 0.466, 'neu': 0.534, 'pos': 0.0, 'compound': -0.9712}
289.txt	{'neg': 0.0, 'neu': 0.906, 'pos': 0.094, 'compound': 0.34}
290.txt	{'neg': 0.0, 'neu': 1.0, 'pos': 0.0, 'compound': 0.0}
291.txt	{'neg': 0.166, 'neu': 0.789, 'pos': 0.045, 'compound': -0.802}
292.txt	{'neg': 0.0, 'neu': 0.747, 'pos': 0.253, 'compound': 0.4717}
293.txt	{'neg': 0.172, 'neu': 0.828, 'pos': 0.0, 'compound': -0.3612}
294.txt	{'neg': 0.0, 'neu': 0.779, 'pos': 0.221, 'compound': 0.5267}
295.txt	{'neg': 0.086, 'neu': 0.839, 'pos': 0.076, 'compound': -0.3818}
296.txt	{'neg': 0.05, 'neu': 0.864, 'pos': 0.086, 'compound': 0.7184}
297.txt	{'neg': 0.173, 'neu': 0.827, 'pos': 0.0, 'compound': -0.6597}
298.txt	{'neg': 0.046, 'neu': 0.84, 'pos': 0.114, 'compound': 0.4588}
299.txt	{'neg': 0.148, 'neu': 0.772, 'pos': 0.08, 'compound': -0.296}
300.txt	{'neg': 0.152, 'neu': 0.848, 'pos': 0.0, 'compound': -0.8622}
301.txt	{'neg': 0.0, 'neu': 0.826, 'pos': 0.174, 'compound': 0.2732}
302.txt	{'neg': 0.118, 'neu': 0.769, 'pos': 0.113, 'compound': -0.0516}
303.txt	{'neg': 0.045, 'neu': 0.84, 'pos': 0.115, 'compound': 0.8316}
304.txt	{'neg': 0.088, 'neu': 0.797, 'pos': 0.115, 'compound': 0.0}
305.txt	{'neg': 0.035, 'neu': 0.684, 'pos': 0.28, 'compound': 0.9287}
306.txt	{'neg': 0.087, 'neu': 0.913, 'pos': 0.0, 'compound': -0.5994}
307.txt	{'neg': 0.0, 'neu': 1.0, 'pos': 0.0, 'compound': 0.0}
308.txt	{'neg': 0.071, 'neu': 0.929, 'pos': 0.0, 'compound': -0.296}
309.txt	{'neg': 0.2, 'neu': 0.709, 'pos': 0.091, 'compound': -0.8389}
310.txt	{'neg': 0.063, 'neu': 0.876, 'pos': 0.061, 'compound': -0.0258}
311.txt	{'neg': 0.0, 'neu': 0.905, 'pos': 0.095, 'compound': 0.5574}
312.txt	{'neg': 0.058, 'neu': 0.794, 'pos': 0.149, 'compound': 0.8779}
313.txt	{'neg': 0.065, 'neu': 0.9, 'pos': 0.035, 'compound': -0.2349}
314.txt	{'neg': 0.111, 'neu': 0.889, 'pos': 0.0, 'compound': -0.4588}
315.txt	{'neg': 0.0, 'neu': 0.779, 'pos': 0.221, 'compound': 0.8883}
316.txt	{'neg': 0.021, 'neu': 0.717, 'pos': 0.262, 'compound': 0.93}
317.txt	{'neg': 0.0, 'neu': 1.0, 'pos': 0.0, 'compound': 0.0}
318.txt	{'neg': 0.153, 'neu': 0.623, 'pos': 0.223, 'compound': 0.4019}
319.txt	{'neg': 0.127, 'neu': 0.814, 'pos': 0.059, 'compound': -0.5152}
320.txt	{'neg': 0.0, 'neu': 1.0, 'pos': 0.0, 'compound': 0.0}
321.txt	{'neg': 0.098, 'neu': 0.902, 'pos': 0.0, 'compound': -0.0516}
322.txt	{'neg': 0.0, 'neu': 1.0, 'pos': 0.0, 'compound': 0.0}
323.txt	{'neg': 0.418, 'neu': 0.582, 'pos': 0.0, 'compound': -0.824}
324.txt	{'neg': 0.0, 'neu': 1.0, 'pos': 0.0, 'compound': 0.0}
325.txt	{'neg': 0.0, 'neu': 0.941, 'pos': 0.059, 'compound': 0.4019}
326.txt	{'neg': 0.13, 'neu': 0.87, 'pos': 0.0, 'compound': -0.5859}
327.txt	{'neg': 0.0, 'neu': 0.877, 'pos': 0.123, 'compound': 0.9371}
328.txt	{'neg': 0.0, 'neu': 0.924, 'pos': 0.076, 'compound': 0.6369}
329.txt	{'neg': 0.0, 'neu': 0.85, 'pos': 0.15, 'compound': 0.7184}
330.txt	{'neg': 0.0, 'neu': 0.962, 'pos': 0.038, 'compound': 0.25}
331.txt	{'neg': 0.039, 'neu': 0.89, 'pos': 0.071, 'compound': 0.2023}
332.txt	{'neg': 0.0, 'neu': 1.0, 'pos': 0.0, 'compound': 0.0}
333.txt	{'neg': 0.477, 'neu': 0.523, 'pos': 0.0, 'compound': -0.802}
334.txt	{'neg': 0.135, 'neu': 0.841, 'pos': 0.024, 'compound': -0.8591}
335.txt	{'neg': 0.106, 'neu': 0.867, 'pos': 0.027, 'compound': -0.743}
336.txt	{'neg': 0.0, 'neu': 0.912, 'pos': 0.088, 'compound': 0.34}
337.txt	{'neg': 0.109, 'neu': 0.796, 'pos': 0.094, 'compound': -0.128}
338.txt	{'neg': 0.0, 'neu': 1.0, 'pos': 0.0, 'compound': 0.0}
339.txt	{'neg': 0.0, 'neu': 1.0, 'pos': 0.0, 'compound': 0.0}
340.txt	{'neg': 0.0, 'neu': 1.0, 'pos': 0.0, 'compound': 0.0}
341.txt	{'neg': 0.0, 'neu': 1.0, 'pos': 0.0, 'compound': 0.0}
342.txt	{'neg': 0.082, 'neu': 0.891, 'pos': 0.028, 'compound': -0.8689}
343.txt	{'neg': 0.136, 'neu': 0.808, 'pos': 0.055, 'compound': -0.5423}
344.txt	{'neg': 0.0, 'neu': 1.0, 'pos': 0.0, 'compound': 0.0}
345.txt	{'neg': 0.0, 'neu': 0.929, 'pos': 0.071, 'compound': 0.4404}
346.txt	{'neg': 0.193, 'neu': 0.773, 'pos': 0.034, 'compound': -0.9062}
347.txt	{'neg': 0.0, 'neu': 0.825, 'pos': 0.175, 'compound': 0.856}
348.txt	{'neg': 0.023, 'neu': 0.898, 'pos': 0.078, 'compound': 0.7522}
349.txt	{'neg': 0.152, 'neu': 0.759, 'pos': 0.09, 'compound': -0.4215}
350.txt	{'neg': 0.0, 'neu': 1.0, 'pos': 0.0, 'compound': 0.0}
351.txt	{'neg': 0.155, 'neu': 0.665, 'pos': 0.18, 'compound': 0.0258}
352.txt	{'neg': 0.0, 'neu': 0.913, 'pos': 0.087, 'compound': 0.5719}
353.txt	{'neg': 0.106, 'neu': 0.724, 'pos': 0.17, 'compound': 0.4215}
354.txt	{'neg': 0.239, 'neu': 0.667, 'pos': 0.094, 'compound': -0.8126}
355.txt	{'neg': 0.22, 'neu': 0.78, 'pos': 0.0, 'compound': -0.6705}
356.txt	{'neg': 0.0, 'neu': 1.0, 'pos': 0.0, 'compound': 0.0}
357.txt	{'neg': 0.0, 'neu': 0.892, 'pos': 0.108, 'compound': 0.5267}
358.txt	{'neg': 0.0, 'neu': 1.0, 'pos': 0.0, 'compound': 0.0}
359.txt	{'neg': 0.123, 'neu': 0.877, 'pos': 0.0, 'compound': -0.899}
360.txt	{'neg': 0.0, 'neu': 0.884, 'pos': 0.116, 'compound': 0.7124}
361.txt	{'neg': 0.124, 'neu': 0.857, 'pos': 0.019, 'compound': -0.7717}
362.txt	{'neg': 0.038, 'neu': 0.883, 'pos': 0.079, 'compound': 0.3182}
363.txt	{'neg': 0.068, 'neu': 0.889, 'pos': 0.044, 'compound': -0.34}
364.txt	{'neg': 0.168, 'neu': 0.752, 'pos': 0.081, 'compound': -0.6705}
365.txt	{'neg': 0.318, 'neu': 0.682, 'pos': 0.0, 'compound': -0.7184}
366.txt	{'neg': 0.134, 'neu': 0.866, 'pos': 0.0, 'compound': -0.5859}
367.txt	{'neg': 0.0, 'neu': 0.815, 'pos': 0.185, 'compound': 0.9042}
368.txt	{'neg': 0.0, 'neu': 0.896, 'pos': 0.104, 'compound': 0.4404}
369.txt	{'neg': 0.136, 'neu': 0.864, 'pos': 0.0, 'compound': -0.296}
370.txt	{'neg': 0.0, 'neu': 0.85, 'pos': 0.15, 'compound': 0.7717}
371.txt	{'neg': 0.0, 'neu': 0.829, 'pos': 0.171, 'compound': 0.5106}
372.txt	{'neg': 0.242, 'neu': 0.622, 'pos': 0.136, 'compound': -0.7299}
373.txt	{'neg': 0.16, 'neu': 0.84, 'pos': 0.0, 'compound': -0.7269}
374.txt	{'neg': 0.17, 'neu': 0.722, 'pos': 0.109, 'compound': -0.8399}
375.txt	{'neg': 0.0, 'neu': 0.88, 'pos': 0.12, 'compound': 0.4628}
376.txt	{'neg': 0.157, 'neu': 0.719, 'pos': 0.124, 'compound': -0.128}
377.txt	{'neg': 0.0, 'neu': 0.938, 'pos': 0.062, 'compound': 0.1027}
378.txt	{'neg': 0.186, 'neu': 0.814, 'pos': 0.0, 'compound': -0.8979}
379.txt	{'neg': 0.122, 'neu': 0.878, 'pos': 0.0, 'compound': -0.5994}
380.txt	{'neg': 0.104, 'neu': 0.844, 'pos': 0.052, 'compound': -0.2732}
381.txt	{'neg': 0.197, 'neu': 0.803, 'pos': 0.0, 'compound': -0.765}
382.txt	{'neg': 0.0, 'neu': 0.867, 'pos': 0.133, 'compound': 0.3182}
383.txt	{'neg': 0.065, 'neu': 0.935, 'pos': 0.0, 'compound': -0.4404}
384.txt	{'neg': 0.215, 'neu': 0.785, 'pos': 0.0, 'compound': -0.4767}
385.txt	{'neg': 0.199, 'neu': 0.705, 'pos': 0.095, 'compound': -0.8433}
386.txt	{'neg': 0.063, 'neu': 0.906, 'pos': 0.031, 'compound': -0.2263}
387.txt	{'neg': 0.192, 'neu': 0.808, 'pos': 0.0, 'compound': -0.7494}
388.txt	{'neg': 0.174, 'neu': 0.637, 'pos': 0.189, 'compound': 0.184}
389.txt	{'neg': 0.178, 'neu': 0.761, 'pos': 0.06, 'compound': -0.6705}
390.txt	{'neg': 0.0, 'neu': 1.0, 'pos': 0.0, 'compound': 0.0}
391.txt	{'neg': 0.0, 'neu': 1.0, 'pos': 0.0, 'compound': 0.0}
392.txt	{'neg': 0.06, 'neu': 0.94, 'pos': 0.0, 'compound': -0.3818}
393.txt	{'neg': 0.038, 'neu': 0.835, 'pos': 0.127, 'compound': 0.6249}
394.txt	{'neg': 0.122, 'neu': 0.722, 'pos': 0.156, 'compound': 0.2732}
395.txt	{'neg': 0.0, 'neu': 0.906, 'pos': 0.094, 'compound': 0.4404}
396.txt	{'neg': 0.04, 'neu': 0.911, 'pos': 0.049, 'compound': 0.128}
397.txt	{'neg': 0.049, 'neu': 0.951, 'pos': 0.0, 'compound': -0.34}
398.txt	{'neg': 0.237, 'neu': 0.703, 'pos': 0.06, 'compound': -0.7783}
399.txt	{'neg': 0.0, 'neu': 1.0, 'pos': 0.0, 'compound': 0.0}
400.txt	{'neg': 0.095, 'neu': 0.905, 'pos': 0.0, 'compound': -0.6249}
401.txt	{'neg': 0.089, 'neu': 0.83, 'pos': 0.08, 'compound': -0.1779}
402.txt	{'neg': 0.0, 'neu': 0.94, 'pos': 0.06, 'compound': 0.2023}
403.txt	{'neg': 0.0, 'neu': 0.899, 'pos': 0.101, 'compound': 0.5574}
404.txt	{'neg': 0.0, 'neu': 0.877, 'pos': 0.123, 'compound': 0.4939}
405.txt	{'neg': 0.154, 'neu': 0.802, 'pos': 0.044, 'compound': -0.8738}
406.txt	{'neg': 0.107, 'neu': 0.797, 'pos': 0.097, 'compound': -0.4215}
407.txt	{'neg': 0.189, 'neu': 0.746, 'pos': 0.065, 'compound': -0.9703}
408.txt	{'neg': 0.0, 'neu': 1.0, 'pos': 0.0, 'compound': 0.0}
409.txt	{'neg': 0.0, 'neu': 1.0, 'pos': 0.0, 'compound': 0.0}
410.txt	{'neg': 0.129, 'neu': 0.776, 'pos': 0.095, 'compound': -0.0516}
411.txt	{'neg': 0.0, 'neu': 1.0, 'pos': 0.0, 'compound': 0.0}
412.txt	{'neg': 0.0, 'neu': 0.918, 'pos': 0.082, 'compound': 0.5267}
413.txt	{'neg': 0.048, 'neu': 0.909, 'pos': 0.042, 'compound': -0.0772}
414.txt	{'neg': 0.06, 'neu': 0.778, 'pos': 0.162, 'compound': 0.5267}
415.txt	{'neg': 0.134, 'neu': 0.866, 'pos': 0.0, 'compound': -0.5423}
416.txt	{'neg': 0.042, 'neu': 0.906, 'pos': 0.053, 'compound': 0.0772}
417.txt	{'neg': 0.0, 'neu': 0.917, 'pos': 0.083, 'compound': 0.4019}
418.txt	{'neg': 0.053, 'neu': 0.917, 'pos': 0.03, 'compound': -0.25}
419.txt	{'neg': 0.0, 'neu': 1.0, 'pos': 0.0, 'compound': 0.0}
420.txt	{'neg': 0.0, 'neu': 1.0, 'pos': 0.0, 'compound': 0.0}
421.txt	{'neg': 0.055, 'neu': 0.791, 'pos': 0.154, 'compound': 0.8625}
422.txt	{'neg': 0.177, 'neu': 0.78, 'pos': 0.043, 'compound': -0.8658}
423.txt	{'neg': 0.18, 'neu': 0.82, 'pos': 0.0, 'compound': -0.9382}
424.txt	{'neg': 0.088, 'neu': 0.749, 'pos': 0.163, 'compound': 0.8555}
425.txt	{'neg': 0.18, 'neu': 0.82, 'pos': 0.0, 'compound': -0.296}
426.txt	{'neg': 0.091, 'neu': 0.909, 'pos': 0.0, 'compound': -0.296}
427.txt	{'neg': 0.032, 'neu': 0.94, 'pos': 0.028, 'compound': -0.0516}
428.txt	{'neg': 0.2, 'neu': 0.8, 'pos': 0.0, 'compound': -0.7184}
429.txt	{'neg': 0.0, 'neu': 1.0, 'pos': 0.0, 'compound': 0.0}
430.txt	{'neg': 0.093, 'neu': 0.907, 'pos': 0.0, 'compound': -0.5859}
431.txt	{'neg': 0.074, 'neu': 0.876, 'pos': 0.049, 'compound': -0.0258}
432.txt	{'neg': 0.0, 'neu': 0.769, 'pos': 0.231, 'compound': 0.8481}
433.txt	{'neg': 0.185, 'neu': 0.758, 'pos': 0.057, 'compound': -0.9001}
434.txt	{'neg': 0.0, 'neu': 0.948, 'pos': 0.052, 'compound': 0.6249}
435.txt	{'neg': 0.0, 'neu': 0.909, 'pos': 0.091, 'compound': 0.4215}
436.txt	{'neg': 0.0, 'neu': 0.945, 'pos': 0.055, 'compound': 0.7184}
437.txt	{'neg': 0.0, 'neu': 0.779, 'pos': 0.221, 'compound': 0.5267}
438.txt	{'neg': 0.246, 'neu': 0.672, 'pos': 0.082, 'compound': -0.8338}
439.txt	{'neg': 0.072, 'neu': 0.873, 'pos': 0.055, 'compound': -0.1779}
440.txt	{'neg': 0.052, 'neu': 0.907, 'pos': 0.041, 'compound': -0.1441}
441.txt	{'neg': 0.0, 'neu': 1.0, 'pos': 0.0, 'compound': 0.0}
442.txt	{'neg': 0.078, 'neu': 0.853, 'pos': 0.069, 'compound': -0.128}
443.txt	{'neg': 0.183, 'neu': 0.61, 'pos': 0.207, 'compound': 0.0516}
444.txt	{'neg': 0.0, 'neu': 0.823, 'pos': 0.177, 'compound': 0.9062}
445.txt	{'neg': 0.0, 'neu': 0.888, 'pos': 0.112, 'compound': 0.5267}
446.txt	{'neg': 0.068, 'neu': 0.932, 'pos': 0.0, 'compound': -0.1154}
447.txt	{'neg': 0.08, 'neu': 0.798, 'pos': 0.122, 'compound': 0.6221}
448.txt	{'neg': 0.0, 'neu': 0.732, 'pos': 0.268, 'compound': 0.296}
449.txt	{'neg': 0.0, 'neu': 0.833, 'pos': 0.167, 'compound': 0.7906}
450.txt	{'neg': 0.121, 'neu': 0.806, 'pos': 0.073, 'compound': -0.2263}
451.txt	{'neg': 0.152, 'neu': 0.793, 'pos': 0.054, 'compound': -0.5719}
452.txt	{'neg': 0.0, 'neu': 1.0, 'pos': 0.0, 'compound': 0.0}
453.txt	{'neg': 0.0, 'neu': 1.0, 'pos': 0.0, 'compound': 0.0}
454.txt	{'neg': 0.2, 'neu': 0.8, 'pos': 0.0, 'compound': -0.8176}
455.txt	{'neg': 0.0, 'neu': 0.825, 'pos': 0.175, 'compound': 0.5267}
456.txt	{'neg': 0.086, 'neu': 0.914, 'pos': 0.0, 'compound': -0.128}
457.txt	{'neg': 0.052, 'neu': 0.881, 'pos': 0.067, 'compound': -0.0516}
458.txt	{'neg': 0.301, 'neu': 0.699, 'pos': 0.0, 'compound': -0.8807}
459.txt	{'neg': 0.0, 'neu': 1.0, 'pos': 0.0, 'compound': 0.0}
460.txt	{'neg': 0.063, 'neu': 0.937, 'pos': 0.0, 'compound': -0.5106}
461.txt	{'neg': 0.0, 'neu': 0.934, 'pos': 0.066, 'compound': 0.4019}
462.txt	{'neg': 0.083, 'neu': 0.917, 'pos': 0.0, 'compound': -0.4391}
463.txt	{'neg': 0.164, 'neu': 0.739, 'pos': 0.097, 'compound': -0.4543}
464.txt	{'neg': 0.068, 'neu': 0.932, 'pos': 0.0, 'compound': -0.4404}
465.txt	{'neg': 0.0, 'neu': 1.0, 'pos': 0.0, 'compound': 0.0}
466.txt	{'neg': 0.081, 'neu': 0.752, 'pos': 0.166, 'compound': 0.4912}
467.txt	{'neg': 0.0, 'neu': 0.965, 'pos': 0.035, 'compound': 0.2023}
468.txt	{'neg': 0.0, 'neu': 1.0, 'pos': 0.0, 'compound': 0.0}
469.txt	{'neg': 0.139, 'neu': 0.791, 'pos': 0.07, 'compound': -0.6249}
470.txt	{'neg': 0.355, 'neu': 0.645, 'pos': 0.0, 'compound': -0.8945}
471.txt	{'neg': 0.045, 'neu': 0.876, 'pos': 0.079, 'compound': 0.3247}
472.txt	{'neg': 0.0, 'neu': 0.842, 'pos': 0.158, 'compound': 0.4939}
473.txt	{'neg': 0.104, 'neu': 0.844, 'pos': 0.052, 'compound': -0.2732}
474.txt	{'neg': 0.0, 'neu': 0.914, 'pos': 0.086, 'compound': 0.8087}
475.txt	{'neg': 0.107, 'neu': 0.711, 'pos': 0.182, 'compound': 0.1779}
476.txt	{'neg': 0.149, 'neu': 0.833, 'pos': 0.018, 'compound': -0.8481}
477.txt	{'neg': 0.0, 'neu': 0.899, 'pos': 0.101, 'compound': 0.5574}
478.txt	{'neg': 0.0, 'neu': 0.708, 'pos': 0.292, 'compound': 0.9186}
479.txt	{'neg': 0.237, 'neu': 0.538, 'pos': 0.226, 'compound': -0.0258}
480.txt	{'neg': 0.277, 'neu': 0.608, 'pos': 0.114, 'compound': -0.7717}
481.txt	{'neg': 0.0, 'neu': 0.906, 'pos': 0.094, 'compound': 0.4404}
482.txt	{'neg': 0.0, 'neu': 1.0, 'pos': 0.0, 'compound': 0.0}
483.txt	{'neg': 0.062, 'neu': 0.938, 'pos': 0.0, 'compound': -0.3612}
484.txt	{'neg': 0.141, 'neu': 0.859, 'pos': 0.0, 'compound': -0.8591}
485.txt	{'neg': 0.026, 'neu': 0.905, 'pos': 0.069, 'compound': 0.5368}
486.txt	{'neg': 0.126, 'neu': 0.816, 'pos': 0.058, 'compound': -0.7299}
487.txt	{'neg': 0.0, 'neu': 0.946, 'pos': 0.054, 'compound': 0.3612}
488.txt	{'neg': 0.0, 'neu': 0.863, 'pos': 0.137, 'compound': 0.9477}
489.txt	{'neg': 0.0, 'neu': 0.798, 'pos': 0.202, 'compound': 0.7964}
490.txt	{'neg': 0.0, 'neu': 0.886, 'pos': 0.114, 'compound': 0.4019}
491.txt	{'neg': 0.0, 'neu': 0.961, 'pos': 0.039, 'compound': 0.2263}
492.txt	{'neg': 0.201, 'neu': 0.799, 'pos': 0.0, 'compound': -0.7003}
493.txt	{'neg': 0.0, 'neu': 0.829, 'pos': 0.171, 'compound': 0.5106}
494.txt	{'neg': 0.179, 'neu': 0.821, 'pos': 0.0, 'compound': -0.875}
495.txt	{'neg': 0.0, 'neu': 0.931, 'pos': 0.069, 'compound': 0.4767}
496.txt	{'neg': 0.0, 'neu': 0.803, 'pos': 0.197, 'compound': 0.9603}
497.txt	{'neg': 0.111, 'neu': 0.889, 'pos': 0.0, 'compound': -0.128}
498.txt	{'neg': 0.022, 'neu': 0.978, 'pos': 0.0, 'compound': -0.0516}
499.txt	{'neg': 0.2, 'neu': 0.738, 'pos': 0.062, 'compound': -0.8955}
500.txt	{'neg': 0.0, 'neu': 1.0, 'pos': 0.0, 'compound': 0.0}
501.txt	{'neg': 0.033, 'neu': 0.808, 'pos': 0.159, 'compound': 0.8176}
502.txt	{'neg': 0.0, 'neu': 1.0, 'pos': 0.0, 'compound': 0.0}
503.txt	{'neg': 0.0, 'neu': 0.938, 'pos': 0.062, 'compound': 0.4199}
504.txt	{'neg': 0.077, 'neu': 0.923, 'pos': 0.0, 'compound': -0.5423}
505.txt	{'neg': 0.128, 'neu': 0.826, 'pos': 0.046, 'compound': -0.5719}
506.txt	{'neg': 0.201, 'neu': 0.622, 'pos': 0.177, 'compound': -0.4588}
507.txt	{'neg': 0.042, 'neu': 0.894, 'pos': 0.065, 'compound': 0.296}
508.txt	{'neg': 0.157, 'neu': 0.793, 'pos': 0.05, 'compound': -0.7096}
509.txt	{'neg': 0.041, 'neu': 0.824, 'pos': 0.134, 'compound': 0.7269}
510.txt	{'neg': 0.095, 'neu': 0.88, 'pos': 0.025, 'compound': -0.4588}
511.txt	{'neg': 0.0, 'neu': 0.891, 'pos': 0.109, 'compound': 0.4019}
512.txt	{'neg': 0.113, 'neu': 0.848, 'pos': 0.039, 'compound': -0.4745}
513.txt	{'neg': 0.142, 'neu': 0.858, 'pos': 0.0, 'compound': -0.5106}
514.txt	{'neg': 0.241, 'neu': 0.759, 'pos': 0.0, 'compound': -0.2263}
515.txt	{'neg': 0.0, 'neu': 0.814, 'pos': 0.186, 'compound': 0.802}
516.txt	{'neg': 0.0, 'neu': 0.947, 'pos': 0.053, 'compound': 0.2023}
517.txt	{'neg': 0.072, 'neu': 0.81, 'pos': 0.118, 'compound': 0.2732}
518.txt	{'neg': 0.018, 'neu': 0.982, 'pos': 0.0, 'compound': -0.0258}
519.txt	{'neg': 0.074, 'neu': 0.817, 'pos': 0.108, 'compound': 0.4215}
520.txt	{'neg': 0.212, 'neu': 0.768, 'pos': 0.02, 'compound': -0.9694}
521.txt	{'neg': 0.042, 'neu': 0.958, 'pos': 0.0, 'compound': -0.296}
522.txt	{'neg': 0.119, 'neu': 0.811, 'pos': 0.07, 'compound': -0.2263}
523.txt	{'neg': 0.155, 'neu': 0.724, 'pos': 0.121, 'compound': -0.3147}
524.txt	{'neg': 0.0, 'neu': 1.0, 'pos': 0.0, 'compound': 0.0}
525.txt	{'neg': 0.0, 'neu': 1.0, 'pos': 0.0, 'compound': 0.0}
526.txt	{'neg': 0.0, 'neu': 0.823, 'pos': 0.177, 'compound': 0.936}
527.txt	{'neg': 0.167, 'neu': 0.833, 'pos': 0.0, 'compound': -0.891}
528.txt	{'neg': 0.038, 'neu': 0.962, 'pos': 0.0, 'compound': -0.0644}
529.txt	{'neg': 0.086, 'neu': 0.914, 'pos': 0.0, 'compound': -0.3724}
530.txt	{'neg': 0.092, 'neu': 0.908, 'pos': 0.0, 'compound': -0.6908}
531.txt	{'neg': 0.0, 'neu': 1.0, 'pos': 0.0, 'compound': 0.0}
532.txt	{'neg': 0.043, 'neu': 0.926, 'pos': 0.031, 'compound': -0.1779}
533.txt	{'neg': 0.0, 'neu': 1.0, 'pos': 0.0, 'compound': 0.0}
534.txt	{'neg': 0.0, 'neu': 0.952, 'pos': 0.048, 'compound': 0.2732}
535.txt	{'neg': 0.0, 'neu': 0.805, 'pos': 0.195, 'compound': 0.5574}
536.txt	{'neg': 0.151, 'neu': 0.814, 'pos': 0.035, 'compound': -0.8307}
537.txt	{'neg': 0.097, 'neu': 0.903, 'pos': 0.0, 'compound': -0.5267}
538.txt	{'neg': 0.129, 'neu': 0.774, 'pos': 0.097, 'compound': -0.7425}
539.txt	{'neg': 0.275, 'neu': 0.725, 'pos': 0.0, 'compound': -0.7351}
540.txt	{'neg': 0.28, 'neu': 0.66, 'pos': 0.06, 'compound': -0.8658}
541.txt	{'neg': 0.086, 'neu': 0.835, 'pos': 0.079, 'compound': -0.3818}
542.txt	{'neg': 0.0, 'neu': 0.946, 'pos': 0.054, 'compound': 0.4215}
543.txt	{'neg': 0.104, 'neu': 0.896, 'pos': 0.0, 'compound': -0.2732}
544.txt	{'neg': 0.151, 'neu': 0.849, 'pos': 0.0, 'compound': -0.9186}
545.txt	{'neg': 0.0, 'neu': 1.0, 'pos': 0.0, 'compound': 0.0}
546.txt	{'neg': 0.065, 'neu': 0.9, 'pos': 0.035, 'compound': -0.4215}
547.txt	{'neg': 0.073, 'neu': 0.816, 'pos': 0.111, 'compound': 0.765}
548.txt	{'neg': 0.175, 'neu': 0.77, 'pos': 0.055, 'compound': -0.8955}
549.txt	{'neg': 0.0, 'neu': 1.0, 'pos': 0.0, 'compound': 0.0}
550.txt	{'neg': 0.0, 'neu': 1.0, 'pos': 0.0, 'compound': 0.0}
551.txt	{'neg': 0.28, 'neu': 0.72, 'pos': 0.0, 'compound': -0.765}
552.txt	{'neg': 0.0, 'neu': 0.89, 'pos': 0.11, 'compound': 0.6969}
553.txt	{'neg': 0.179, 'neu': 0.656, 'pos': 0.165, 'compound': -0.1531}
554.txt	{'neg': 0.0, 'neu': 0.871, 'pos': 0.129, 'compound': 0.5267}
555.txt	{'neg': 0.196, 'neu': 0.67, 'pos': 0.134, 'compound': -0.5267}
556.txt	{'neg': 0.0, 'neu': 0.956, 'pos': 0.044, 'compound': 0.2235}
557.txt	{'neg': 0.278, 'neu': 0.722, 'pos': 0.0, 'compound': -0.93}
558.txt	{'neg': 0.071, 'neu': 0.797, 'pos': 0.132, 'compound': 0.296}
559.txt	{'neg': 0.0, 'neu': 0.852, 'pos': 0.148, 'compound': 0.7024}
560.txt	{'neg': 0.141, 'neu': 0.784, 'pos': 0.075, 'compound': -0.34}
561.txt	{'neg': 0.097, 'neu': 0.826, 'pos': 0.077, 'compound': 0.1655}
562.txt	{'neg': 0.0, 'neu': 1.0, 'pos': 0.0, 'compound': 0.0}
563.txt	{'neg': 0.202, 'neu': 0.798, 'pos': 0.0, 'compound': -0.5859}
564.txt	{'neg': 0.0, 'neu': 0.822, 'pos': 0.178, 'compound': 0.8941}
565.txt	{'neg': 0.174, 'neu': 0.826, 'pos': 0.0, 'compound': -0.9109}
566.txt	{'neg': 0.211, 'neu': 0.76, 'pos': 0.029, 'compound': -0.9382}
567.txt	{'neg': 0.113, 'neu': 0.836, 'pos': 0.051, 'compound': -0.3818}
568.txt	{'neg': 0.0, 'neu': 1.0, 'pos': 0.0, 'compound': 0.0}
569.txt	{'neg': 0.023, 'neu': 0.977, 'pos': 0.0, 'compound': -0.0644}
570.txt	{'neg': 0.136, 'neu': 0.785, 'pos': 0.079, 'compound': -0.383}
571.txt	{'neg': 0.203, 'neu': 0.719, 'pos': 0.078, 'compound': -0.872}
572.txt	{'neg': 0.094, 'neu': 0.906, 'pos': 0.0, 'compound': -0.4215}
573.txt	{'neg': 0.0, 'neu': 1.0, 'pos': 0.0, 'compound': 0.0}
574.txt	{'neg': 0.109, 'neu': 0.679, 'pos': 0.211, 'compound': 0.4019}
575.txt	{'neg': 0.0, 'neu': 0.929, 'pos': 0.071, 'compound': 0.2263}
576.txt	{'neg': 0.212, 'neu': 0.723, 'pos': 0.065, 'compound': -0.9001}
577.txt	{'neg': 0.0, 'neu': 0.805, 'pos': 0.195, 'compound': 0.6187}
578.txt	{'neg': 0.256, 'neu': 0.744, 'pos': 0.0, 'compound': -0.4767}
579.txt	{'neg': 0.0, 'neu': 0.852, 'pos': 0.148, 'compound': 0.4588}
580.txt	{'neg': 0.0, 'neu': 0.927, 'pos': 0.073, 'compound': 0.4767}
581.txt	{'neg': 0.141, 'neu': 0.762, 'pos': 0.097, 'compound': -0.4019}
582.txt	{'neg': 0.0, 'neu': 0.827, 'pos': 0.173, 'compound': 0.5859}
583.txt	{'neg': 0.117, 'neu': 0.849, 'pos': 0.034, 'compound': -0.4767}
584.txt	{'neg': 0.115, 'neu': 0.885, 'pos': 0.0, 'compound': -0.5994}
585.txt	{'neg': 0.0, 'neu': 1.0, 'pos': 0.0, 'compound': 0.0}
586.txt	{'neg': 0.103, 'neu': 0.897, 'pos': 0.0, 'compound': -0.3182}
587.txt	{'neg': 0.0, 'neu': 0.829, 'pos': 0.171, 'compound': 0.5106}
588.txt	{'neg': 0.0, 'neu': 1.0, 'pos': 0.0, 'compound': 0.0}
589.txt	{'neg': 0.0, 'neu': 0.959, 'pos': 0.041, 'compound': 0.3182}
590.txt	{'neg': 0.193, 'neu': 0.722, 'pos': 0.085, 'compound': -0.9169}
591.txt	{'neg': 0.0, 'neu': 0.88, 'pos': 0.12, 'compound': 0.9157}
592.txt	{'neg': 0.0, 'neu': 1.0, 'pos': 0.0, 'compound': 0.0}
593.txt	{'neg': 0.0, 'neu': 0.833, 'pos': 0.167, 'compound': 0.8689}
594.txt	{'neg': 0.0, 'neu': 0.954, 'pos': 0.046, 'compound': 0.4019}
595.txt	{'neg': 0.077, 'neu': 0.889, 'pos': 0.035, 'compound': -0.5574}
596.txt	{'neg': 0.019, 'neu': 0.842, 'pos': 0.139, 'compound': 0.9381}
597.txt	{'neg': 0.0, 'neu': 0.916, 'pos': 0.084, 'compound': 0.8519}
598.txt	{'neg': 0.0, 'neu': 1.0, 'pos': 0.0, 'compound': 0.0}
599.txt	{'neg': 0.22, 'neu': 0.714, 'pos': 0.066, 'compound': -0.8402}
600.txt	{'neg': 0.0, 'neu': 1.0, 'pos': 0.0, 'compound': 0.0}
601.txt	{'neg': 0.115, 'neu': 0.885, 'pos': 0.0, 'compound': -0.3252}
602.txt	{'neg': 0.0, 'neu': 0.909, 'pos': 0.091, 'compound': 0.4019}
603.txt	{'neg': 0.0, 'neu': 1.0, 'pos': 0.0, 'compound': 0.0}
604.txt	{'neg': 0.269, 'neu': 0.699, 'pos': 0.032, 'compound': -0.9565}
605.txt	{'neg': 0.0, 'neu': 0.976, 'pos': 0.024, 'compound': 0.0258}
606.txt	{'neg': 0.093, 'neu': 0.838, 'pos': 0.069, 'compound': -0.2023}
607.txt	{'neg': 0.0, 'neu': 0.938, 'pos': 0.062, 'compound': 0.4019}
608.txt	{'neg': 0.187, 'neu': 0.691, 'pos': 0.122, 'compound': -0.5859}
609.txt	{'neg': 0.0, 'neu': 0.968, 'pos': 0.032, 'compound': 0.2732}
610.txt	{'neg': 0.267, 'neu': 0.733, 'pos': 0.0, 'compound': -0.7351}
611.txt	{'neg': 0.0, 'neu': 0.769, 'pos': 0.231, 'compound': 0.2732}
612.txt	{'neg': 0.0, 'neu': 1.0, 'pos': 0.0, 'compound': 0.0}
613.txt	{'neg': 0.022, 'neu': 0.954, 'pos': 0.023, 'compound': 0.0129}
614.txt	{'neg': 0.027, 'neu': 0.93, 'pos': 0.044, 'compound': 0.2263}
615.txt	{'neg': 0.0, 'neu': 0.876, 'pos': 0.124, 'compound': 0.4019}
616.txt	{'neg': 0.0, 'neu': 1.0, 'pos': 0.0, 'compound': 0.0}
617.txt	{'neg': 0.216, 'neu': 0.784, 'pos': 0.0, 'compound': -0.7003}
618.txt	{'neg': 0.0, 'neu': 1.0, 'pos': 0.0, 'compound': 0.0}
619.txt	{'neg': 0.099, 'neu': 0.876, 'pos': 0.025, 'compound': -0.5106}
620.txt	{'neg': 0.127, 'neu': 0.791, 'pos': 0.082, 'compound': -0.4767}
621.txt	{'neg': 0.0, 'neu': 0.966, 'pos': 0.034, 'compound': 0.2144}
622.txt	{'neg': 0.0, 'neu': 1.0, 'pos': 0.0, 'compound': 0.0}
623.txt	{'neg': 0.173, 'neu': 0.675, 'pos': 0.152, 'compound': -0.3156}
624.txt	{'neg': 0.0, 'neu': 1.0, 'pos': 0.0, 'compound': 0.0}
625.txt	{'neg': 0.0, 'neu': 0.847, 'pos': 0.153, 'compound': 0.4019}
626.txt	{'neg': 0.031, 'neu': 0.969, 'pos': 0.0, 'compound': -0.0516}
627.txt	{'neg': 0.216, 'neu': 0.784, 'pos': 0.0, 'compound': -0.7003}
628.txt	{'neg': 0.0, 'neu': 1.0, 'pos': 0.0, 'compound': 0.0}
629.txt	{'neg': 0.19, 'neu': 0.769, 'pos': 0.041, 'compound': -0.945}
630.txt	{'neg': 0.0, 'neu': 0.952, 'pos': 0.048, 'compound': 0.25}
631.txt	{'neg': 0.26, 'neu': 0.667, 'pos': 0.073, 'compound': -0.7096}
632.txt	{'neg': 0.0, 'neu': 0.879, 'pos': 0.121, 'compound': 0.7579}
633.txt	{'neg': 0.0, 'neu': 0.874, 'pos': 0.126, 'compound': 0.6946}
634.txt	{'neg': 0.0, 'neu': 0.78, 'pos': 0.22, 'compound': 0.8625}
635.txt	{'neg': 0.0, 'neu': 0.932, 'pos': 0.068, 'compound': 0.4019}
636.txt	{'neg': 0.063, 'neu': 0.819, 'pos': 0.117, 'compound': 0.5647}
637.txt	{'neg': 0.0, 'neu': 1.0, 'pos': 0.0, 'compound': 0.0}
638.txt	{'neg': 0.0, 'neu': 0.839, 'pos': 0.161, 'compound': 0.8969}
639.txt	{'neg': 0.0, 'neu': 0.833, 'pos': 0.167, 'compound': 0.6808}
640.txt	{'neg': 0.0, 'neu': 0.851, 'pos': 0.149, 'compound': 0.802}
641.txt	{'neg': 0.023, 'neu': 0.886, 'pos': 0.091, 'compound': 0.5499}
642.txt	{'neg': 0.055, 'neu': 0.884, 'pos': 0.061, 'compound': 0.0772}
643.txt	{'neg': 0.26, 'neu': 0.667, 'pos': 0.073, 'compound': -0.7096}
644.txt	{'neg': 0.143, 'neu': 0.739, 'pos': 0.117, 'compound': -0.1531}
645.txt	{'neg': 0.15, 'neu': 0.823, 'pos': 0.027, 'compound': -0.8658}
646.txt	{'neg': 0.241, 'neu': 0.759, 'pos': 0.0, 'compound': -0.2263}
647.txt	{'neg': 0.0, 'neu': 1.0, 'pos': 0.0, 'compound': 0.0}
648.txt	{'neg': 0.0, 'neu': 0.893, 'pos': 0.107, 'compound': 0.7269}
649.txt	{'neg': 0.0, 'neu': 1.0, 'pos': 0.0, 'compound': 0.0}
650.txt	{'neg': 0.0, 'neu': 0.881, 'pos': 0.119, 'compound': 0.6597}
651.txt	{'neg': 0.122, 'neu': 0.878, 'pos': 0.0, 'compound': -0.7589}
652.txt	{'neg': 0.0, 'neu': 0.889, 'pos': 0.111, 'compound': 0.3612}
653.txt	{'neg': 0.079, 'neu': 0.921, 'pos': 0.0, 'compound': -0.0516}
654.txt	{'neg': 0.216, 'neu': 0.784, 'pos': 0.0, 'compound': -0.296}
655.txt	{'neg': 0.0, 'neu': 1.0, 'pos': 0.0, 'compound': 0.0}
656.txt	{'neg': 0.0, 'neu': 0.739, 'pos': 0.261, 'compound': 0.7506}
657.txt	{'neg': 0.082, 'neu': 0.918, 'pos': 0.0, 'compound': -0.6597}
658.txt	{'neg': 0.244, 'neu': 0.756, 'pos': 0.0, 'compound': -0.5913}
659.txt	{'neg': 0.011, 'neu': 0.859, 'pos': 0.13, 'compound': 0.9442}
660.txt	{'neg': 0.024, 'neu': 0.976, 'pos': 0.0, 'compound': -0.128}
661.txt	{'neg': 0.111, 'neu': 0.792, 'pos': 0.097, 'compound': -0.4588}
662.txt	{'neg': 0.191, 'neu': 0.809, 'pos': 0.0, 'compound': -0.8555}
663.txt	{'neg': 0.084, 'neu': 0.842, 'pos': 0.074, 'compound': -0.3818}
664.txt	{'neg': 0.205, 'neu': 0.72, 'pos': 0.075, 'compound': -0.9062}
665.txt	{'neg': 0.0, 'neu': 1.0, 'pos': 0.0, 'compound': 0.0}
666.txt	{'neg': 0.0, 'neu': 0.801, 'pos': 0.199, 'compound': 0.9783}
667.txt	{'neg': 0.251, 'neu': 0.652, 'pos': 0.098, 'compound': -0.8176}
668.txt	{'neg': 0.081, 'neu': 0.919, 'pos': 0.0, 'compound': -0.5994}
669.txt	{'neg': 0.064, 'neu': 0.936, 'pos': 0.0, 'compound': -0.296}
670.txt	{'neg': 0.097, 'neu': 0.825, 'pos': 0.078, 'compound': -0.3182}
671.txt	{'neg': 0.0, 'neu': 0.856, 'pos': 0.144, 'compound': 0.4939}
672.txt	{'neg': 0.161, 'neu': 0.839, 'pos': 0.0, 'compound': -0.6597}
673.txt	{'neg': 0.098, 'neu': 0.798, 'pos': 0.104, 'compound': 0.0772}
674.txt	{'neg': 0.157, 'neu': 0.843, 'pos': 0.0, 'compound': -0.4767}
675.txt	{'neg': 0.055, 'neu': 0.886, 'pos': 0.059, 'compound': 0.0346}
676.txt	{'neg': 0.087, 'neu': 0.913, 'pos': 0.0, 'compound': -0.4019}
677.txt	{'neg': 0.0, 'neu': 1.0, 'pos': 0.0, 'compound': 0.0}
678.txt	{'neg': 0.045, 'neu': 0.955, 'pos': 0.0, 'compound': -0.2263}
679.txt	{'neg': 0.0, 'neu': 1.0, 'pos': 0.0, 'compound': 0.0}
680.txt	{'neg': 0.401, 'neu': 0.507, 'pos': 0.092, 'compound': -0.7717}
681.txt	{'neg': 0.0, 'neu': 1.0, 'pos': 0.0, 'compound': 0.0}
682.txt	{'neg': 0.112, 'neu': 0.888, 'pos': 0.0, 'compound': -0.34}
683.txt	{'neg': 0.0, 'neu': 1.0, 'pos': 0.0, 'compound': 0.0}
684.txt	{'neg': 0.0, 'neu': 1.0, 'pos': 0.0, 'compound': 0.0}
685.txt	{'neg': 0.0, 'neu': 1.0, 'pos': 0.0, 'compound': 0.0}
686.txt	{'neg': 0.0, 'neu': 0.837, 'pos': 0.163, 'compound': 0.5106}
687.txt	{'neg': 0.082, 'neu': 0.918, 'pos': 0.0, 'compound': -0.3612}
688.txt	{'neg': 0.0, 'neu': 0.868, 'pos': 0.132, 'compound': 0.4404}
689.txt	{'neg': 0.0, 'neu': 1.0, 'pos': 0.0, 'compound': 0.0}
690.txt	{'neg': 0.129, 'neu': 0.871, 'pos': 0.0, 'compound': -0.7003}
691.txt	{'neg': 0.13, 'neu': 0.709, 'pos': 0.161, 'compound': -0.0516}
692.txt	{'neg': 0.103, 'neu': 0.897, 'pos': 0.0, 'compound': -0.7351}
693.txt	{'neg': 0.247, 'neu': 0.685, 'pos': 0.068, 'compound': -0.87}
694.txt	{'neg': 0.044, 'neu': 0.664, 'pos': 0.293, 'compound': 0.9001}
695.txt	{'neg': 0.0, 'neu': 1.0, 'pos': 0.0, 'compound': 0.0}
696.txt	{'neg': 0.204, 'neu': 0.796, 'pos': 0.0, 'compound': -0.5574}
697.txt	{'neg': 0.084, 'neu': 0.916, 'pos': 0.0, 'compound': -0.296}
698.txt	{'neg': 0.252, 'neu': 0.748, 'pos': 0.0, 'compound': -0.9578}
699.txt	{'neg': 0.0, 'neu': 0.847, 'pos': 0.153, 'compound': 0.4019}
700.txt	{'neg': 0.0, 'neu': 0.864, 'pos': 0.136, 'compound': 0.6249}
701.txt	{'neg': 0.223, 'neu': 0.585, 'pos': 0.192, 'compound': -0.4019}
702.txt	{'neg': 0.0, 'neu': 0.82, 'pos': 0.18, 'compound': 0.6705}
703.txt	{'neg': 0.0, 'neu': 0.971, 'pos': 0.029, 'compound': 0.0258}
704.txt	{'neg': 0.0, 'neu': 0.914, 'pos': 0.086, 'compound': 0.4404}
705.txt	{'neg': 0.114, 'neu': 0.886, 'pos': 0.0, 'compound': -0.7003}
706.txt	{'neg': 0.0, 'neu': 0.946, 'pos': 0.054, 'compound': 0.3612}
707.txt	{'neg': 0.047, 'neu': 0.76, 'pos': 0.193, 'compound': 0.8225}
708.txt	{'neg': 0.134, 'neu': 0.815, 'pos': 0.052, 'compound': -0.9511}
709.txt	{'neg': 0.141, 'neu': 0.808, 'pos': 0.052, 'compound': -0.6705}
710.txt	{'neg': 0.467, 'neu': 0.533, 'pos': 0.0, 'compound': -0.886}
711.txt	{'neg': 0.0, 'neu': 1.0, 'pos': 0.0, 'compound': 0.0}
712.txt	{'neg': 0.156, 'neu': 0.844, 'pos': 0.0, 'compound': -0.8225}
713.txt	{'neg': 0.0, 'neu': 1.0, 'pos': 0.0, 'compound': 0.0}
714.txt	{'neg': 0.0, 'neu': 0.913, 'pos': 0.087, 'compound': 0.5719}
715.txt	{'neg': 0.0, 'neu': 0.891, 'pos': 0.109, 'compound': 0.5106}
716.txt	{'neg': 0.098, 'neu': 0.86, 'pos': 0.042, 'compound': -0.6369}
717.txt	{'neg': 0.042, 'neu': 0.914, 'pos': 0.044, 'compound': 0.0258}
718.txt	{'neg': 0.0, 'neu': 1.0, 'pos': 0.0, 'compound': 0.0}
719.txt	{'neg': 0.091, 'neu': 0.909, 'pos': 0.0, 'compound': -0.5267}
720.txt	{'neg': 0.0, 'neu': 0.856, 'pos': 0.144, 'compound': 0.4939}
721.txt	{'neg': 0.133, 'neu': 0.753, 'pos': 0.114, 'compound': -0.1531}
722.txt	{'neg': 0.0, 'neu': 0.901, 'pos': 0.099, 'compound': 0.5106}
723.txt	{'neg': 0.0, 'neu': 0.946, 'pos': 0.054, 'compound': 0.3612}
724.txt	{'neg': 0.019, 'neu': 0.87, 'pos': 0.111, 'compound': 0.9165}
725.txt	{'neg': 0.0, 'neu': 0.912, 'pos': 0.088, 'compound': 0.6124}
726.txt	{'neg': 0.084, 'neu': 0.891, 'pos': 0.025, 'compound': -0.6249}
727.txt	{'neg': 0.0, 'neu': 1.0, 'pos': 0.0, 'compound': 0.0}
728.txt	{'neg': 0.0, 'neu': 0.839, 'pos': 0.161, 'compound': 0.8969}
729.txt	{'neg': 0.091, 'neu': 0.794, 'pos': 0.115, 'compound': 0.1531}
730.txt	{'neg': 0.0, 'neu': 0.833, 'pos': 0.167, 'compound': 0.8705}
731.txt	{'neg': 0.0, 'neu': 1.0, 'pos': 0.0, 'compound': 0.0}
732.txt	{'neg': 0.0, 'neu': 0.898, 'pos': 0.102, 'compound': 0.3612}
733.txt	{'neg': 0.015, 'neu': 0.985, 'pos': 0.0, 'compound': -0.0516}
734.txt	{'neg': 0.132, 'neu': 0.801, 'pos': 0.067, 'compound': -0.5423}
735.txt	{'neg': 0.0, 'neu': 1.0, 'pos': 0.0, 'compound': 0.0}
736.txt	{'neg': 0.0, 'neu': 0.928, 'pos': 0.072, 'compound': 0.4199}
737.txt	{'neg': 0.053, 'neu': 0.848, 'pos': 0.099, 'compound': 0.3182}
738.txt	{'neg': 0.15, 'neu': 0.796, 'pos': 0.054, 'compound': -0.7948}
739.txt	{'neg': 0.04, 'neu': 0.865, 'pos': 0.095, 'compound': 0.4939}
740.txt	{'neg': 0.0, 'neu': 1.0, 'pos': 0.0, 'compound': 0.0}
741.txt	{'neg': 0.0, 'neu': 1.0, 'pos': 0.0, 'compound': 0.0}
742.txt	{'neg': 0.134, 'neu': 0.866, 'pos': 0.0, 'compound': -0.8338}
743.txt	{'neg': 0.0, 'neu': 1.0, 'pos': 0.0, 'compound': 0.0}
744.txt	{'neg': 0.0, 'neu': 1.0, 'pos': 0.0, 'compound': 0.0}
745.txt	{'neg': 0.1, 'neu': 0.78, 'pos': 0.12, 'compound': 0.2732}
746.txt	{'neg': 0.151, 'neu': 0.849, 'pos': 0.0, 'compound': -0.5994}
747.txt	{'neg': 0.0, 'neu': 0.914, 'pos': 0.086, 'compound': 0.5574}
748.txt	{'neg': 0.0, 'neu': 1.0, 'pos': 0.0, 'compound': 0.0}
749.txt	{'neg': 0.0, 'neu': 1.0, 'pos': 0.0, 'compound': 0.0}
750.txt	{'neg': 0.0, 'neu': 0.733, 'pos': 0.267, 'compound': 0.9001}
751.txt	{'neg': 0.0, 'neu': 0.858, 'pos': 0.142, 'compound': 0.8941}
752.txt	{'neg': 0.044, 'neu': 0.873, 'pos': 0.084, 'compound': 0.2732}
753.txt	{'neg': 0.221, 'neu': 0.756, 'pos': 0.023, 'compound': -0.9657}
754.txt	{'neg': 0.106, 'neu': 0.853, 'pos': 0.041, 'compound': -0.7184}
755.txt	{'neg': 0.0, 'neu': 0.906, 'pos': 0.094, 'compound': 0.6597}
756.txt	{'neg': 0.0, 'neu': 1.0, 'pos': 0.0, 'compound': 0.0}
757.txt	{'neg': 0.108, 'neu': 0.892, 'pos': 0.0, 'compound': -0.6908}
758.txt	{'neg': 0.093, 'neu': 0.824, 'pos': 0.083, 'compound': -0.4404}
759.txt	{'neg': 0.0, 'neu': 1.0, 'pos': 0.0, 'compound': 0.0}
760.txt	{'neg': 0.082, 'neu': 0.918, 'pos': 0.0, 'compound': -0.34}
761.txt	{'neg': 0.106, 'neu': 0.857, 'pos': 0.037, 'compound': -0.4767}
762.txt	{'neg': 0.183, 'neu': 0.61, 'pos': 0.207, 'compound': 0.0516}
763.txt	{'neg': 0.0, 'neu': 1.0, 'pos': 0.0, 'compound': 0.0}
764.txt	{'neg': 0.0, 'neu': 0.943, 'pos': 0.057, 'compound': 0.4215}
765.txt	{'neg': 0.033, 'neu': 0.864, 'pos': 0.103, 'compound': 0.8555}
766.txt	{'neg': 0.046, 'neu': 0.887, 'pos': 0.068, 'compound': -0.0516}
767.txt	{'neg': 0.158, 'neu': 0.762, 'pos': 0.079, 'compound': -0.9505}
768.txt	{'neg': 0.0, 'neu': 0.898, 'pos': 0.102, 'compound': 0.9081}
769.txt	{'neg': 0.0, 'neu': 1.0, 'pos': 0.0, 'compound': 0.0}
770.txt	{'neg': 0.14, 'neu': 0.62, 'pos': 0.24, 'compound': 0.5972}
771.txt	{'neg': 0.0, 'neu': 0.849, 'pos': 0.151, 'compound': 0.9042}
772.txt	{'neg': 0.0, 'neu': 1.0, 'pos': 0.0, 'compound': 0.0}
773.txt	{'neg': 0.0, 'neu': 1.0, 'pos': 0.0, 'compound': 0.0}
774.txt	{'neg': 0.124, 'neu': 0.79, 'pos': 0.086, 'compound': -0.6486}
775.txt	{'neg': 0.246, 'neu': 0.655, 'pos': 0.098, 'compound': -0.8885}
776.txt	{'neg': 0.063, 'neu': 0.902, 'pos': 0.035, 'compound': -0.2023}
777.txt	{'neg': 0.056, 'neu': 0.944, 'pos': 0.0, 'compound': -0.5267}
778.txt	{'neg': 0.346, 'neu': 0.654, 'pos': 0.0, 'compound': -0.7514}
779.txt	{'neg': 0.0, 'neu': 1.0, 'pos': 0.0, 'compound': 0.0}
780.txt	{'neg': 0.084, 'neu': 0.916, 'pos': 0.0, 'compound': -0.6486}
781.txt	{'neg': 0.0, 'neu': 0.875, 'pos': 0.125, 'compound': 0.743}
782.txt	{'neg': 0.0, 'neu': 1.0, 'pos': 0.0, 'compound': 0.0}
783.txt	{'neg': 0.0, 'neu': 1.0, 'pos': 0.0, 'compound': 0.0}
784.txt	{'neg': 0.0, 'neu': 0.938, 'pos': 0.062, 'compound': 0.6124}
785.txt	{'neg': 0.255, 'neu': 0.673, 'pos': 0.072, 'compound': -0.9153}
786.txt	{'neg': 0.0, 'neu': 0.868, 'pos': 0.132, 'compound': 0.4404}
787.txt	{'neg': 0.055, 'neu': 0.945, 'pos': 0.0, 'compound': -0.296}
788.txt	{'neg': 0.0, 'neu': 0.833, 'pos': 0.167, 'compound': 0.5267}
789.txt	{'neg': 0.064, 'neu': 0.892, 'pos': 0.044, 'compound': -0.25}
790.txt	{'neg': 0.0, 'neu': 0.98, 'pos': 0.02, 'compound': 0.0258}
791.txt	{'neg': 0.286, 'neu': 0.714, 'pos': 0.0, 'compound': -0.6808}
792.txt	{'neg': 0.099, 'neu': 0.856, 'pos': 0.046, 'compound': -0.743}
793.txt	{'neg': 0.034, 'neu': 0.873, 'pos': 0.093, 'compound': 0.8276}
794.txt	{'neg': 0.0, 'neu': 0.793, 'pos': 0.207, 'compound': 0.9062}
795.txt	{'neg': 0.0, 'neu': 0.874, 'pos': 0.126, 'compound': 0.9409}
796.txt	{'neg': 0.0, 'neu': 0.798, 'pos': 0.202, 'compound': 0.9287}
797.txt	{'neg': 0.134, 'neu': 0.866, 'pos': 0.0, 'compound': -0.5267}
798.txt	{'neg': 0.098, 'neu': 0.794, 'pos': 0.107, 'compound': 0.0516}
799.txt	{'neg': 0.0, 'neu': 1.0, 'pos': 0.0, 'compound': 0.0}
800.txt	{'neg': 0.205, 'neu': 0.795, 'pos': 0.0, 'compound': -0.4767}
801.txt	{'neg': 0.258, 'neu': 0.616, 'pos': 0.126, 'compound': -0.8448}
802.txt	{'neg': 0.0, 'neu': 1.0, 'pos': 0.0, 'compound': 0.0}
803.txt	{'neg': 0.0, 'neu': 1.0, 'pos': 0.0, 'compound': 0.0}
804.txt	{'neg': 0.0, 'neu': 1.0, 'pos': 0.0, 'compound': 0.0}
805.txt	{'neg': 0.0, 'neu': 1.0, 'pos': 0.0, 'compound': 0.0}
806.txt	{'neg': 0.109, 'neu': 0.891, 'pos': 0.0, 'compound': -0.296}
807.txt	{'neg': 0.0, 'neu': 1.0, 'pos': 0.0, 'compound': 0.0}
808.txt	{'neg': 0.019, 'neu': 0.927, 'pos': 0.054, 'compound': 0.4404}
809.txt	{'neg': 0.0, 'neu': 0.936, 'pos': 0.064, 'compound': 0.34}
810.txt	{'neg': 0.154, 'neu': 0.846, 'pos': 0.0, 'compound': -0.6369}
811.txt	{'neg': 0.0, 'neu': 1.0, 'pos': 0.0, 'compound': 0.0}
812.txt	{'neg': 0.16, 'neu': 0.812, 'pos': 0.028, 'compound': -0.872}
813.txt	{'neg': 0.073, 'neu': 0.868, 'pos': 0.059, 'compound': -0.296}
814.txt	{'neg': 0.0, 'neu': 1.0, 'pos': 0.0, 'compound': 0.0}
815.txt	{'neg': 0.075, 'neu': 0.845, 'pos': 0.08, 'compound': 0.5994}
816.txt	{'neg': 0.166, 'neu': 0.74, 'pos': 0.094, 'compound': -0.6908}
817.txt	{'neg': 0.0, 'neu': 0.905, 'pos': 0.095, 'compound': 0.6908}
818.txt	{'neg': 0.098, 'neu': 0.902, 'pos': 0.0, 'compound': -0.5859}
819.txt	{'neg': 0.0, 'neu': 1.0, 'pos': 0.0, 'compound': 0.0}
820.txt	{'neg': 0.102, 'neu': 0.805, 'pos': 0.093, 'compound': 0.3818}
821.txt	{'neg': 0.0, 'neu': 0.838, 'pos': 0.162, 'compound': 0.9477}
822.txt	{'neg': 0.214, 'neu': 0.748, 'pos': 0.038, 'compound': -0.8874}
823.txt	{'neg': 0.043, 'neu': 0.7, 'pos': 0.258, 'compound': 0.91}
824.txt	{'neg': 0.21, 'neu': 0.75, 'pos': 0.04, 'compound': -0.891}
825.txt	{'neg': 0.09, 'neu': 0.784, 'pos': 0.125, 'compound': 0.2263}
826.txt	{'neg': 0.135, 'neu': 0.673, 'pos': 0.193, 'compound': 0.6249}
827.txt	{'neg': 0.0, 'neu': 0.966, 'pos': 0.034, 'compound': 0.2732}
828.txt	{'neg': 0.089, 'neu': 0.772, 'pos': 0.139, 'compound': 0.0772}
829.txt	{'neg': 0.375, 'neu': 0.625, 'pos': 0.0, 'compound': -0.886}
830.txt	{'neg': 0.091, 'neu': 0.909, 'pos': 0.0, 'compound': -0.34}
831.txt	{'neg': 0.283, 'neu': 0.676, 'pos': 0.041, 'compound': -0.8782}
832.txt	{'neg': 0.136, 'neu': 0.864, 'pos': 0.0, 'compound': -0.4767}
833.txt	{'neg': 0.213, 'neu': 0.76, 'pos': 0.027, 'compound': -0.9643}
834.txt	{'neg': 0.0, 'neu': 1.0, 'pos': 0.0, 'compound': 0.0}
835.txt	{'neg': 0.0, 'neu': 0.826, 'pos': 0.174, 'compound': 0.2732}
836.txt	{'neg': 0.096, 'neu': 0.811, 'pos': 0.093, 'compound': -0.0772}
837.txt	{'neg': 0.025, 'neu': 0.951, 'pos': 0.024, 'compound': -0.0146}
838.txt	{'neg': 0.062, 'neu': 0.938, 'pos': 0.0, 'compound': -0.8012}
839.txt	{'neg': 0.345, 'neu': 0.541, 'pos': 0.113, 'compound': -0.7184}
840.txt	{'neg': 0.091, 'neu': 0.909, 'pos': 0.0, 'compound': -0.2263}
841.txt	{'neg': 0.059, 'neu': 0.879, 'pos': 0.062, 'compound': 0.0516}
842.txt	{'neg': 0.0, 'neu': 1.0, 'pos': 0.0, 'compound': 0.0}
843.txt	{'neg': 0.0, 'neu': 0.936, 'pos': 0.064, 'compound': 0.0258}
844.txt	{'neg': 0.273, 'neu': 0.727, 'pos': 0.0, 'compound': -0.875}
 
------------------------ Most common collocations ------------------------
('ABILA', 'Kronos')
('Sten', 'Sanjorge')
('police', 'force')
('government', 'Kronos')
('Protectors', 'Kronos')
('Elian', 'Karel')
('GAStech', 'International')
('January', '2014')
('GAStech', 'Kronos')
('guards', 'Kronos')
('Kronos', 'POK')
('ELODIS', 'Kronos')
('GAStech', 'employees')
('Juliana', 'Vann')
('Tiskele', 'Bend')
('CEO', 'Sten')
('people', 'Kronos')
('international', 'GAStech')
('curve', 'Tiskele')
('President', 'Kapelou')
 
Writing to 'articles_sentiment.txt'
Done
 
Writing to 'articles_dictionary.txt'
Done
 
------------------------ Sentiment of Publishers ------------------------
The Orb	{'pos': 0.4615, 'neg': 0.5385, 'neu': 0.0, 'count': 26}
The Light of Truth	{'pos': 0.6842, 'neg': 0.3158, 'neu': 0.0, 'count': 19}
Everyday News	{'pos': 0.3333, 'neg': 0.6667, 'neu': 0.0, 'count': 15}
The Tulip	{'pos': 0.6842, 'neg': 0.3158, 'neu': 0.0, 'count': 19}
News Online Today	{'pos': 0.3423, 'neg': 0.5946, 'neu': 0.0631, 'count': 111}
Worldwise	{'pos': 0.5, 'neg': 0.5, 'neu': 0.0, 'count': 28}
World Journal	{'pos': 0.4, 'neg': 0.6, 'neu': 0.0, 'count': 15}
Modern Rubicon	{'pos': 0.2333, 'neg': 0.5667, 'neu': 0.2, 'count': 30}
Kronos Star	{'pos': 0.3548, 'neg': 0.5323, 'neu': 0.1129, 'count': 62}
Homeland Illumination	{'pos': 0.3125, 'neg': 0.5781, 'neu': 0.1094, 'count': 64}
Tethys News	{'pos': 0.1714, 'neg': 0.5429, 'neu': 0.2857, 'count': 35}
Centrum Sentinel	{'pos': 0.3056, 'neg': 0.4444, 'neu': 0.25, 'count': 36}
The Wrap	{'pos': 0.3846, 'neg': 0.6154, 'neu': 0.0, 'count': 26}
News Desk	{'pos': 0.28, 'neg': 0.72, 'neu': 0.0, 'count': 25}
The Truth	{'pos': 0.5, 'neg': 0.5, 'neu': 0.0, 'count': 28}
Daily Pegasus	{'pos': 0.4615, 'neg': 0.5385, 'neu': 0.0, 'count': 26}
The General Post	{'pos': 0.7895, 'neg': 0.2105, 'neu': 0.0, 'count': 19}
International Times	{'pos': 0.4286, 'neg': 0.5714, 'neu': 0.0, 'count': 14}
International News	{'pos': 0.45, 'neg': 0.55, 'neu': 0.0, 'count': 20}
Central Bulletin	{'pos': 0.1429, 'neg': 0.8095, 'neu': 0.0476, 'count': 21}
The Continent	{'pos': 0.4, 'neg': 0.6, 'neu': 0.0, 'count': 15}
The Guide	{'pos': 0.5714, 'neg': 0.4286, 'neu': 0.0, 'count': 28}
Athena Speaks	{'pos': 0.28, 'neg': 0.72, 'neu': 0.0, 'count': 25}
The World	{'pos': 0.7647, 'neg': 0.2353, 'neu': 0.0, 'count': 17}
The Abila Post	{'pos': 0.2037, 'neg': 0.7222, 'neu': 0.0741, 'count': 54}
Who What News	{'pos': 0.5333, 'neg': 0.4667, 'neu': 0.0, 'count': 15}
All News Today	{'pos': 0.3889, 'neg': 0.6111, 'neu': 0.0, 'count': 18}
The Explainer	{'pos': 0.28, 'neg': 0.72, 'neu': 0.0, 'count': 25}
World Source	{'pos': 0.4444, 'neg': 0.5556, 'neu': 0.0, 'count': 9}
Writing to 'publisher_sentiment.txt'
 
